<?xml version="1.0" encoding="UTF-8"?>
<!-- Generated by org.testng.reporters.JUnitReportReporter -->
<testsuite skipped="0" hostname="IN-LT-164197" name="com.qa.hubspot.test.LoginPageTest" tests="4" failures="0" timestamp="25 Aug 2020 14:55:35 GMT" time="12.214" errors="0">
  <testcase name="verifySignUpLinkTest" time="8.353" classname="com.qa.hubspot.test.LoginPageTest"/>
  <testcase name="verifyLoginPageTitleTest" time="0.071" classname="com.qa.hubspot.test.LoginPageTest"/>
  <testcase name="verifyPrivacyPolicyLinkTest" time="1.000" classname="com.qa.hubspot.test.LoginPageTest"/>
  <testcase name="verifyLoginPageTest" time="2.790" classname="com.qa.hubspot.test.LoginPageTest"/>
</testsuite> <!-- com.qa.hubspot.test.LoginPageTest -->
