<?xml version="1.0" encoding="UTF-8"?>
<!-- Generated by org.testng.reporters.JUnitReportReporter -->
<testsuite skipped="0" hostname="IN-LT-164197" name="com.qa.hubspot.test.LoginPageTest" tests="4" failures="0" timestamp="10 Oct 2020 15:13:18 GMT" time="25.495" errors="0">
  <testcase name="verifySignUpLinkTest" time="21.619" classname="com.qa.hubspot.test.LoginPageTest"/>
  <testcase name="verifyLoginPageTitleTest" time="0.097" classname="com.qa.hubspot.test.LoginPageTest"/>
  <testcase name="verifyPrivacyPolicyLinkTest" time="0.676" classname="com.qa.hubspot.test.LoginPageTest"/>
  <testcase name="verifyLoginPageTest" time="3.103" classname="com.qa.hubspot.test.LoginPageTest"/>
</testsuite> <!-- com.qa.hubspot.test.LoginPageTest -->
