<?xml version="1.0" encoding="UTF-8"?>
<!-- Generated by org.testng.reporters.JUnitReportReporter -->
<testsuite skipped="0" hostname="IN-LT-164197" name="com.qa.hubspot.test.ContactsPageTest" tests="6" failures="0" timestamp="04 Oct 2020 11:24:13 GMT" time="80.286" errors="0">
  <testcase name="createContacts" time="16.383" classname="com.qa.hubspot.test.ContactsPageTest"/>
  <testcase name="createContacts" time="18.392" classname="com.qa.hubspot.test.ContactsPageTest"/>
  <testcase name="createContacts" time="17.179" classname="com.qa.hubspot.test.ContactsPageTest"/>
  <testcase name="createContacts" time="22.851" classname="com.qa.hubspot.test.ContactsPageTest"/>
  <testcase name="verifyContactsPageTitle" time="2.678" classname="com.qa.hubspot.test.ContactsPageTest"/>
  <testcase name="verifyContactsPageHeader" time="2.803" classname="com.qa.hubspot.test.ContactsPageTest"/>
</testsuite> <!-- com.qa.hubspot.test.ContactsPageTest -->
