<?xml version="1.0" encoding="UTF-8"?>
<!-- Generated by org.testng.reporters.JUnitReportReporter -->
<testsuite skipped="0" hostname="IN-LT-164197" name="com.qa.hubspot.test.DealsPageTest" tests="5" failures="0" timestamp="04 Oct 2020 11:35:17 GMT" time="80.328" errors="0">
  <testcase name="createDeals" time="17.251" classname="com.qa.hubspot.test.DealsPageTest"/>
  <testcase name="createDeals" time="30.982" classname="com.qa.hubspot.test.DealsPageTest"/>
  <testcase name="createDeals" time="31.211" classname="com.qa.hubspot.test.DealsPageTest"/>
  <testcase name="verifyDealsPageTitle" time="0.090" classname="com.qa.hubspot.test.DealsPageTest"/>
  <testcase name="verifyDealsPageHeader" time="0.794" classname="com.qa.hubspot.test.DealsPageTest"/>
</testsuite> <!-- com.qa.hubspot.test.DealsPageTest -->
